\BOOKMARK [1][-]{section.1}{Installation}{}% 1
\BOOKMARK [1][-]{section.2}{Define the Project}{}% 2
\BOOKMARK [2][-]{subsection.2.1}{Project outline}{section.2}% 3
\BOOKMARK [2][-]{subsection.2.2}{Understanding the NOAA Web Service}{section.2}% 4
\BOOKMARK [1][-]{section.3}{Create the Project}{}% 5
\BOOKMARK [1][-]{section.4}{Implement the Command Line Interface}{}% 6
\BOOKMARK [1][-]{section.5}{Process the Parsed Command Line Data}{}% 7
\BOOKMARK [2][-]{subsection.5.1}{Installing external Libraries}{section.5}% 8
\BOOKMARK [2][-]{subsection.5.2}{Fetching Data from NOAA}{section.5}% 9
\BOOKMARK [1][-]{section.6}{Converting the Response Data}{}% 10
\BOOKMARK [1][-]{section.7}{Print the Results}{}% 11
\BOOKMARK [2][-]{subsection.7.1}{Design the metadata Table}{section.7}% 12
\BOOKMARK [2][-]{subsection.7.2}{Design the datasets Table}{section.7}% 13
\BOOKMARK [2][-]{subsection.7.3}{Design the locations Table}{section.7}% 14
\BOOKMARK [2][-]{subsection.7.4}{Design the data Table}{section.7}% 15
\BOOKMARK [2][-]{subsection.7.5}{Implementation of TableFormatter}{section.7}% 16
\BOOKMARK [1][-]{section.8}{Make the Command-Line Executable}{}% 17
\BOOKMARK [1][-]{section.9}{Commenting the functions}{}% 18
\BOOKMARK [1][-]{section.10}{Project Documentation}{}% 19
\BOOKMARK [1][-]{section.11}{Closing}{}% 20
